<?xml version="1.0" encoding="UTF-8"?>
<!-- Generated by org.testng.reporters.JUnitReportReporter -->
<testsuite hostname="LAPTOP-DUJFBR3O" failures="0" tests="3" name="seleniumPKG.window_10_Chrome_Selenium" time="212.250" errors="0" timestamp="2025-02-28T09:50:59 IST" skipped="0">
  <testcase classname="seleniumPKG.window_10_Chrome_Selenium" name="testSimpleFormDemo" time="30.187"/>
  <system-out/>
  <testcase classname="seleniumPKG.window_10_Chrome_Selenium" name="testDragAndDropSlider" time="107.101"/>
  <system-out/>
  <testcase classname="seleniumPKG.window_10_Chrome_Selenium" name="testInputFormSubmit" time="74.962"/>
  <system-out/>
</testsuite> <!-- seleniumPKG.window_10_Chrome_Selenium -->
