<?xml version="1.0" encoding="UTF-8"?>
<!-- Generated by org.testng.reporters.JUnitReportReporter -->
<testsuite hostname="LAPTOP-DUJFBR3O" failures="0" tests="3" name="seleniumPKG.window_10_FFox_Selenium" time="228.297" errors="0" timestamp="2025-02-28T09:50:59 IST" skipped="0">
  <testcase classname="seleniumPKG.window_10_FFox_Selenium" name="testSimpleFormDemo" time="108.518"/>
  <system-out/>
  <testcase classname="seleniumPKG.window_10_FFox_Selenium" name="testDragAndDropSlider" time="51.737"/>
  <system-out/>
  <testcase classname="seleniumPKG.window_10_FFox_Selenium" name="testInputFormSubmit" time="68.042"/>
  <system-out/>
</testsuite> <!-- seleniumPKG.window_10_FFox_Selenium -->
